{"/Users/michaela/test-mongoose-inmemory/src/models/product.js": {"path":"/Users/michaela/test-mongoose-inmemory/src/models/product.js","statementMap":{"0":{"start":{"line":3,"column":17},"end":{"line":3,"column":36}},"1":{"start":{"line":8,"column":22},"end":{"line":12,"column":2}},"2":{"start":{"line":14,"column":0},"end":{"line":14,"column":58}}},"fnMap":{},"branchMap":{},"s":{"0":2,"1":2,"2":2},"f":{},"b":{},"_coverageSchema":"43e27e138ebf9cfc5966b082cf9a028302ed4184","hash":"1a5d108f0ac4574767505f12f3c8ad08eb74df51"}
,"/Users/michaela/test-mongoose-inmemory/src/models/user.js": {"path":"/Users/michaela/test-mongoose-inmemory/src/models/user.js","statementMap":{"0":{"start":{"line":3,"column":17},"end":{"line":3,"column":36}},"1":{"start":{"line":8,"column":19},"end":{"line":12,"column":2}},"2":{"start":{"line":14,"column":0},"end":{"line":14,"column":52}}},"fnMap":{},"branchMap":{},"s":{"0":2,"1":2,"2":2},"f":{},"b":{},"_coverageSchema":"43e27e138ebf9cfc5966b082cf9a028302ed4184","hash":"60f31f3601ea726e932a5d45ac30ceee64db7886"}
,"/Users/michaela/test-mongoose-inmemory/src/services/product.js": {"path":"/Users/michaela/test-mongoose-inmemory/src/services/product.js","statementMap":{"0":{"start":{"line":3,"column":21},"end":{"line":3,"column":49}},"1":{"start":{"line":10,"column":0},"end":{"line":15,"column":2}},"2":{"start":{"line":11,"column":4},"end":{"line":12,"column":43}},"3":{"start":{"line":12,"column":8},"end":{"line":12,"column":43}},"4":{"start":{"line":14,"column":4},"end":{"line":14,"column":39}},"5":{"start":{"line":21,"column":0},"end":{"line":23,"column":2}},"6":{"start":{"line":22,"column":4},"end":{"line":22,"column":37}}},"fnMap":{"0":{"name":"(anonymous_0)","decl":{"start":{"line":10,"column":24},"end":{"line":10,"column":25}},"loc":{"start":{"line":10,"column":43},"end":{"line":15,"column":1}},"line":10},"1":{"name":"(anonymous_1)","decl":{"start":{"line":21,"column":25},"end":{"line":21,"column":26}},"loc":{"start":{"line":21,"column":39},"end":{"line":23,"column":1}},"line":21}},"branchMap":{"0":{"loc":{"start":{"line":11,"column":4},"end":{"line":12,"column":43}},"type":"if","locations":[{"start":{"line":11,"column":4},"end":{"line":12,"column":43}},{"start":{"line":11,"column":4},"end":{"line":12,"column":43}}],"line":11}},"s":{"0":2,"1":2,"2":5,"3":0,"4":5,"5":2,"6":2},"f":{"0":5,"1":2},"b":{"0":[0,5]},"_coverageSchema":"43e27e138ebf9cfc5966b082cf9a028302ed4184","hash":"9e745debf918f5f4a488214a08c1939154be1d76"}
,"/Users/michaela/test-mongoose-inmemory/src/services/user.js": {"path":"/Users/michaela/test-mongoose-inmemory/src/services/user.js","statementMap":{"0":{"start":{"line":3,"column":18},"end":{"line":3,"column":43}},"1":{"start":{"line":10,"column":0},"end":{"line":15,"column":2}},"2":{"start":{"line":11,"column":4},"end":{"line":12,"column":40}},"3":{"start":{"line":12,"column":8},"end":{"line":12,"column":40}},"4":{"start":{"line":14,"column":4},"end":{"line":14,"column":33}},"5":{"start":{"line":21,"column":0},"end":{"line":23,"column":2}},"6":{"start":{"line":22,"column":4},"end":{"line":22,"column":34}},"7":{"start":{"line":30,"column":0},"end":{"line":32,"column":2}},"8":{"start":{"line":31,"column":4},"end":{"line":31,"column":28}}},"fnMap":{"0":{"name":"(anonymous_0)","decl":{"start":{"line":10,"column":24},"end":{"line":10,"column":25}},"loc":{"start":{"line":10,"column":40},"end":{"line":15,"column":1}},"line":10},"1":{"name":"(anonymous_1)","decl":{"start":{"line":21,"column":25},"end":{"line":21,"column":26}},"loc":{"start":{"line":21,"column":39},"end":{"line":23,"column":1}},"line":21},"2":{"name":"(anonymous_2)","decl":{"start":{"line":30,"column":24},"end":{"line":30,"column":25}},"loc":{"start":{"line":30,"column":36},"end":{"line":32,"column":1}},"line":30}},"branchMap":{"0":{"loc":{"start":{"line":11,"column":4},"end":{"line":12,"column":40}},"type":"if","locations":[{"start":{"line":11,"column":4},"end":{"line":12,"column":40}},{"start":{"line":11,"column":4},"end":{"line":12,"column":40}}],"line":11}},"s":{"0":2,"1":2,"2":5,"3":0,"4":5,"5":2,"6":2,"7":2,"8":0},"f":{"0":5,"1":2,"2":0},"b":{"0":[0,5]},"_coverageSchema":"43e27e138ebf9cfc5966b082cf9a028302ed4184","hash":"20ffb841d65ea9ab51955d123aabd9803b05296b"}
,"/Users/michaela/test-mongoose-inmemory/tests/db-handler.js": {"path":"/Users/michaela/test-mongoose-inmemory/tests/db-handler.js","statementMap":{"0":{"start":{"line":3,"column":17},"end":{"line":3,"column":36}},"1":{"start":{"line":4,"column":30},"end":{"line":4,"column":62}},"2":{"start":{"line":6,"column":15},"end":{"line":6,"column":38}},"3":{"start":{"line":11,"column":0},"end":{"line":21,"column":2}},"4":{"start":{"line":12,"column":16},"end":{"line":12,"column":37}},"5":{"start":{"line":14,"column":25},"end":{"line":18,"column":5}},"6":{"start":{"line":20,"column":4},"end":{"line":20,"column":46}},"7":{"start":{"line":26,"column":0},"end":{"line":30,"column":2}},"8":{"start":{"line":27,"column":4},"end":{"line":27,"column":45}},"9":{"start":{"line":28,"column":4},"end":{"line":28,"column":38}},"10":{"start":{"line":29,"column":4},"end":{"line":29,"column":24}},"11":{"start":{"line":35,"column":0},"end":{"line":42,"column":2}},"12":{"start":{"line":36,"column":24},"end":{"line":36,"column":55}},"13":{"start":{"line":38,"column":4},"end":{"line":41,"column":5}},"14":{"start":{"line":39,"column":27},"end":{"line":39,"column":43}},"15":{"start":{"line":40,"column":8},"end":{"line":40,"column":38}}},"fnMap":{"0":{"name":"(anonymous_0)","decl":{"start":{"line":11,"column":25},"end":{"line":11,"column":26}},"loc":{"start":{"line":11,"column":37},"end":{"line":21,"column":1}},"line":11},"1":{"name":"(anonymous_1)","decl":{"start":{"line":26,"column":31},"end":{"line":26,"column":32}},"loc":{"start":{"line":26,"column":43},"end":{"line":30,"column":1}},"line":26},"2":{"name":"(anonymous_2)","decl":{"start":{"line":35,"column":31},"end":{"line":35,"column":32}},"loc":{"start":{"line":35,"column":43},"end":{"line":42,"column":1}},"line":35}},"branchMap":{},"s":{"0":4,"1":4,"2":4,"3":4,"4":4,"5":4,"6":4,"7":4,"8":4,"9":4,"10":4,"11":4,"12":12,"13":12,"14":12,"15":12},"f":{"0":4,"1":4,"2":12},"b":{},"_coverageSchema":"43e27e138ebf9cfc5966b082cf9a028302ed4184","hash":"e0e345917e05825bd73b9603541323b7645edbe0"}
}
