TN:
SF:/Users/michaela/test-mongoose-inmemory/src/models/product.js
FNF:0
FNH:0
DA:3,2
DA:8,2
DA:14,2
LF:3
LH:3
BRF:0
BRH:0
end_of_record
TN:
SF:/Users/michaela/test-mongoose-inmemory/src/models/user.js
FNF:0
FNH:0
DA:3,2
DA:8,2
DA:14,2
LF:3
LH:3
BRF:0
BRH:0
end_of_record
TN:
SF:/Users/michaela/test-mongoose-inmemory/src/services/product.js
FN:10,(anonymous_0)
FN:21,(anonymous_1)
FNF:2
FNH:2
FNDA:5,(anonymous_0)
FNDA:2,(anonymous_1)
DA:3,2
DA:10,2
DA:11,5
DA:12,0
DA:14,5
DA:21,2
DA:22,2
LF:7
LH:6
BRDA:11,0,0,0
BRDA:11,0,1,5
BRF:2
BRH:1
end_of_record
TN:
SF:/Users/michaela/test-mongoose-inmemory/src/services/user.js
FN:10,(anonymous_0)
FN:21,(anonymous_1)
FN:30,(anonymous_2)
FNF:3
FNH:2
FNDA:5,(anonymous_0)
FNDA:2,(anonymous_1)
FNDA:0,(anonymous_2)
DA:3,2
DA:10,2
DA:11,5
DA:12,0
DA:14,5
DA:21,2
DA:22,2
DA:30,2
DA:31,0
LF:9
LH:7
BRDA:11,0,0,0
BRDA:11,0,1,5
BRF:2
BRH:1
end_of_record
TN:
SF:/Users/michaela/test-mongoose-inmemory/tests/db-handler.js
FN:11,(anonymous_0)
FN:26,(anonymous_1)
FN:35,(anonymous_2)
FNF:3
FNH:3
FNDA:4,(anonymous_0)
FNDA:4,(anonymous_1)
FNDA:12,(anonymous_2)
DA:3,4
DA:4,4
DA:6,4
DA:11,4
DA:12,4
DA:14,4
DA:20,4
DA:26,4
DA:27,4
DA:28,4
DA:29,4
DA:35,4
DA:36,12
DA:38,12
DA:39,12
DA:40,12
LF:16
LH:16
BRF:0
BRH:0
end_of_record
